/*C3*/SET SCHEMA PUBLIC
INSERT INTO PAYMENT VALUES('2022-03-11',0,0,0,'21888ca8-f7d2-4309-97cc-8b9c553da523',100000)
COMMIT
INSERT INTO PAYMENT VALUES('2022-04-11',2974,2599,375,'e0a76e8c-2134-4d1b-81a9-bc1535b3797c',97401)
COMMIT
INSERT INTO PAYMENT VALUES('2022-05-11',2974,2609,365,'672d5bd8-eb83-4dda-8325-3e5685a940ef',94792)
COMMIT
INSERT INTO PAYMENT VALUES('2022-06-11',2974,2619,355,'e6552ec8-78c2-4d38-838d-0380255fead6',92173)
COMMIT
INSERT INTO PAYMENT VALUES('2022-07-11',2974,2629,345,'0f3b2ad3-ecb9-4adb-8af4-9d7f973a72e5',89544)
COMMIT
INSERT INTO PAYMENT VALUES('2022-08-11',2974,2639,335,'299f2ba9-f76b-4eaa-a0a5-8761b51afb01',86905)
COMMIT
INSERT INTO PAYMENT VALUES('2022-09-11',2974,2649,325,'04a9b5f8-c3f0-4a58-949e-a5d96a3f1384',84256)
COMMIT
INSERT INTO PAYMENT VALUES('2022-10-11',2974,2659,315,'7fb1d131-febd-4074-948a-58b0d3e8e2b5',81597)
COMMIT
INSERT INTO PAYMENT VALUES('2022-11-11',2974,2669,305,'e1f1cf50-86d7-4c86-8207-ab0e785873af',78928)
COMMIT
INSERT INTO PAYMENT VALUES('2022-12-11',2974,2679,295,'d0a71eab-cfab-4eb3-90c7-3518a873f308',76249)
COMMIT
INSERT INTO PAYMENT VALUES('2023-01-11',2974,2689,285,'bd1bf36a-6cb7-4ea0-9c73-3d89b2020879',73560)
COMMIT
INSERT INTO PAYMENT VALUES('2023-02-11',2974,2699,275,'de53272a-61cf-4b46-8d19-51b6133cc300',70861)
COMMIT
INSERT INTO PAYMENT VALUES('2023-03-11',2974,2709,265,'6325c6cc-dd2d-4a9d-9f06-9c2758db90bc',68152)
COMMIT
INSERT INTO PAYMENT VALUES('2023-04-11',2974,2719,255,'e891fac5-a366-469d-8314-d21c773daab9',65433)
COMMIT
INSERT INTO PAYMENT VALUES('2023-05-11',2974,2729,245,'de71cae5-6ade-4564-b7f1-da93fcd48b73',62704)
COMMIT
INSERT INTO PAYMENT VALUES('2023-06-11',2974,2739,235,'d2f25c20-3490-44d4-bf00-c60611e3f87e',59965)
COMMIT
INSERT INTO PAYMENT VALUES('2023-07-11',2974,2750,224,'6e5563fc-56a2-493c-bfba-94df55d0aa00',57215)
COMMIT
INSERT INTO PAYMENT VALUES('2023-08-11',2974,2760,214,'ca8de62a-4458-4c80-92f4-4065be4a3657',54455)
COMMIT
INSERT INTO PAYMENT VALUES('2023-09-11',2974,2770,204,'84df816c-3c7f-4f52-84f9-12504459c36a',51685)
COMMIT
INSERT INTO PAYMENT VALUES('2023-10-11',2974,2781,193,'b3e56334-7d70-490b-9810-b9818bd0a964',48904)
COMMIT
INSERT INTO PAYMENT VALUES('2023-11-11',2974,2791,183,'cfeadfdb-f57b-4f18-96e9-b75ee5be5b78',46113)
COMMIT
INSERT INTO PAYMENT VALUES('2023-12-11',2974,2802,172,'29114849-9c27-4faf-8f6f-c0654983beb3',43311)
COMMIT
INSERT INTO PAYMENT VALUES('2024-01-11',2974,2812,162,'83d3c575-3d25-44d4-9528-41ca777d95ac',40499)
COMMIT
INSERT INTO PAYMENT VALUES('2024-02-11',2974,2823,151,'fdd42293-d0c8-46c9-99eb-0f0341acd8a5',37676)
COMMIT
INSERT INTO PAYMENT VALUES('2024-03-11',2974,2833,141,'d9942259-b14c-4fa5-b367-318cc7152041',34843)
COMMIT
INSERT INTO PAYMENT VALUES('2024-04-11',2974,2844,130,'062de76d-338c-4886-8917-668a7df45cf4',31999)
COMMIT
INSERT INTO PAYMENT VALUES('2024-05-11',2974,2855,119,'0f30c7ae-94bd-439e-8d8d-e19cad358eb7',29144)
COMMIT
INSERT INTO PAYMENT VALUES('2024-06-11',2974,2865,109,'7f5190f4-dabf-4451-a8a4-cede84bacd37',26279)
COMMIT
INSERT INTO PAYMENT VALUES('2024-07-11',2974,2876,98,'f45a2ce3-e279-42a8-8fe1-0db34e9793bd',23403)
COMMIT
INSERT INTO PAYMENT VALUES('2024-08-11',2974,2887,87,'0effbc3c-5b5a-4825-a29c-7cc6a94db7b7',20516)
COMMIT
INSERT INTO PAYMENT VALUES('2024-09-11',2974,2898,76,'4e03e508-0655-45e8-b08c-783170e3dccf',17618)
COMMIT
INSERT INTO PAYMENT VALUES('2024-10-11',2974,2908,66,'741bd187-4471-4db3-9593-df1f0af13ab2',14710)
COMMIT
INSERT INTO PAYMENT VALUES('2024-11-11',2974,2919,55,'56f96ca0-ecf3-4ee9-b655-90b31697fac8',11791)
COMMIT
INSERT INTO PAYMENT VALUES('2024-12-11',2974,2930,44,'76fc0635-47ca-4fa7-92e1-50b5e637e289',8861)
COMMIT
INSERT INTO PAYMENT VALUES('2025-01-11',2974,2941,33,'6bb15667-2f36-46cc-9c4a-a322e7793059',5920)
COMMIT
INSERT INTO PAYMENT VALUES('2025-02-11',2974,2952,22,'4079b3a1-c5aa-43fb-b8c1-ce01242da7f5',2968)
COMMIT
INSERT INTO PAYMENT VALUES('2025-03-11',2968,2957,11,'64759780-e950-47c0-bf8f-0a05ed5dcaf3',0)
COMMIT
INSERT INTO LOAN_OFFER VALUES('4cba8267-b091-4bfa-8054-dae5e7f50e20','829d1de3-c715-4b2f-a269-bc7fc4be1de9',100000, ARRAY['21888ca8-f7d2-4309-97cc-8b9c553da523','e0a76e8c-2134-4d1b-81a9-bc1535b3797c','672d5bd8-eb83-4dda-8325-3e5685a940ef','e6552ec8-78c2-4d38-838d-0380255fead6','0f3b2ad3-ecb9-4adb-8af4-9d7f973a72e5','299f2ba9-f76b-4eaa-a0a5-8761b51afb01','04a9b5f8-c3f0-4a58-949e-a5d96a3f1384','7fb1d131-febd-4074-948a-58b0d3e8e2b5','e1f1cf50-86d7-4c86-8207-ab0e785873af','d0a71eab-cfab-4eb3-90c7-3518a873f308','bd1bf36a-6cb7-4ea0-9c73-3d89b2020879','de53272a-61cf-4b46-8d19-51b6133cc300','6325c6cc-dd2d-4a9d-9f06-9c2758db90bc','e891fac5-a366-469d-8314-d21c773daab9','de71cae5-6ade-4564-b7f1-da93fcd48b73','d2f25c20-3490-44d4-bf00-c60611e3f87e','6e5563fc-56a2-493c-bfba-94df55d0aa00','ca8de62a-4458-4c80-92f4-4065be4a3657','84df816c-3c7f-4f52-84f9-12504459c36a','b3e56334-7d70-490b-9810-b9818bd0a964','cfeadfdb-f57b-4f18-96e9-b75ee5be5b78','29114849-9c27-4faf-8f6f-c0654983beb3','83d3c575-3d25-44d4-9528-41ca777d95ac','fdd42293-d0c8-46c9-99eb-0f0341acd8a5','d9942259-b14c-4fa5-b367-318cc7152041','062de76d-338c-4886-8917-668a7df45cf4','0f30c7ae-94bd-439e-8d8d-e19cad358eb7','7f5190f4-dabf-4451-a8a4-cede84bacd37','f45a2ce3-e279-42a8-8fe1-0db34e9793bd','0effbc3c-5b5a-4825-a29c-7cc6a94db7b7','4e03e508-0655-45e8-b08c-783170e3dccf','741bd187-4471-4db3-9593-df1f0af13ab2','56f96ca0-ecf3-4ee9-b655-90b31697fac8','76fc0635-47ca-4fa7-92e1-50b5e637e289','6bb15667-2f36-46cc-9c4a-a322e7793059','4079b3a1-c5aa-43fb-b8c1-ce01242da7f5','64759780-e950-47c0-bf8f-0a05ed5dcaf3'],TRUE,NULL,4.5E0)
COMMIT
INSERT INTO CREDIT VALUES('eaed46bb-a208-49ea-b201-961eaefcb940',5000000,15.5E0,'\u041a\u0440\u0435\u0434\u0438\u0442 \u043d\u0430 \u0431\u0438\u0437\u043d\u0435\u0441')
COMMIT
DISCONNECT
